c:\users\krav\downloads\scarlet v0_0_4\kychka-pc-project\debug\vc120.pdb
c:\users\krav\downloads\scarlet v0_0_4\kychka-pc-project\debug\vc120.idb
c:\users\krav\downloads\scarlet v0_0_4\kychka-pc-project\debug\audiomanager.obj
c:\users\krav\downloads\scarlet v0_0_4\kychka-pc-project\debug\musicmanager.obj
c:\users\krav\downloads\scarlet v0_0_4\kychka-pc-project\debug\soundmanager.obj
c:\users\krav\downloads\scarlet v0_0_4\kychka-pc-project\debug\animatedsprite.obj
c:\users\krav\downloads\scarlet v0_0_4\kychka-pc-project\debug\animation.obj
c:\users\krav\downloads\scarlet v0_0_4\kychka-pc-project\debug\enemy.obj
c:\users\krav\downloads\scarlet v0_0_4\kychka-pc-project\debug\entity.obj
c:\users\krav\downloads\scarlet v0_0_4\kychka-pc-project\debug\hero.obj
c:\users\krav\downloads\scarlet v0_0_4\kychka-pc-project\debug\hp_bar.obj
c:\users\krav\downloads\scarlet v0_0_4\kychka-pc-project\debug\simplegroundenemy.obj
c:\users\krav\downloads\scarlet v0_0_4\kychka-pc-project\debug\level.obj
c:\users\krav\downloads\scarlet v0_0_4\kychka-pc-project\debug\tinystr.obj
c:\users\krav\downloads\scarlet v0_0_4\kychka-pc-project\debug\tinyxml.obj
c:\users\krav\downloads\scarlet v0_0_4\kychka-pc-project\debug\tinyxmlerror.obj
c:\users\krav\downloads\scarlet v0_0_4\kychka-pc-project\debug\tinyxmlparser.obj
c:\users\krav\downloads\scarlet v0_0_4\kychka-pc-project\debug\main.obj
c:\users\krav\downloads\scarlet v0_0_4\kychka-pc-project\debug\button.obj
c:\users\krav\downloads\scarlet v0_0_4\kychka-pc-project\debug\pause.obj
c:\users\krav\downloads\scarlet v0_0_4\kychka-pc-project\debug\startmenu.obj
c:\users\krav\downloads\scarlet v0_0_4\debug\kychka-pc-project.exe
c:\users\krav\downloads\scarlet v0_0_4\kychka-pc-project\debug\kychka-p.04c47c79.tlog\cl.command.1.tlog
c:\users\krav\downloads\scarlet v0_0_4\kychka-pc-project\debug\kychka-p.04c47c79.tlog\cl.read.1.tlog
c:\users\krav\downloads\scarlet v0_0_4\kychka-pc-project\debug\kychka-p.04c47c79.tlog\cl.write.1.tlog
c:\users\krav\downloads\scarlet v0_0_4\kychka-pc-project\debug\kychka-p.04c47c79.tlog\link.command.1.tlog
c:\users\krav\downloads\scarlet v0_0_4\kychka-pc-project\debug\kychka-p.04c47c79.tlog\link.read.1.tlog
c:\users\krav\downloads\scarlet v0_0_4\kychka-pc-project\debug\kychka-p.04c47c79.tlog\link.write.1.tlog
